2020-11-19 13:50:19.005 [main] INFO  eu.mihosoft.freerouting.FreeRouting - Freerouting application is started.
2020-11-19 13:50:19.283 [main] TRACE eu.mihosoft.freerouting.FreeRouting - Method 'MainApplication.main()' was performed in 2.23 seconds.
2020-11-19 13:54:47.721 [main] INFO  eu.mihosoft.freerouting.FreeRouting - Freerouting application is started.
2020-11-19 13:54:47.940 [main] TRACE eu.mihosoft.freerouting.FreeRouting - Method 'MainApplication.main()' was performed in 1.84 seconds.
2020-11-19 13:55:04.525 [AWT-EventQueue-0] INFO  eu.mihosoft.freerouting.FreeRouting - Opening 'Afficheur.dsn'...
2020-11-19 13:55:05.435 [AWT-EventQueue-0] INFO  eu.mihosoft.freerouting.FreeRouting - Opening 'Afficheur.rules'...
2020-11-19 13:55:05.436 [AWT-EventQueue-0] ERROR eu.mihosoft.freerouting.FreeRouting - File 'Afficheur.rules' was not found.
2020-11-19 13:55:15.328 [AWT-EventQueue-0] INFO  eu.mihosoft.freerouting.FreeRouting - Generating snapshot
2020-11-19 13:55:16.649 [Thread-0] TRACE eu.mihosoft.freerouting.FreeRouting - Method 'BatchAutorouter.autoroute_pass #1 on board 'ed20aadcdeab9149208b73f756148639' making 26 changes' was performed in 1.17 seconds.
2020-11-19 13:55:16.933 [Thread-0] TRACE eu.mihosoft.freerouting.FreeRouting - Method 'BatchAutorouter.autoroute_pass #2 on board '29c4b296f46971a822f497bbf2af5ddc' making 9 changes' was performed in 0.26 seconds.
2020-11-19 13:55:17.003 [Thread-0] TRACE eu.mihosoft.freerouting.FreeRouting - Method 'BatchAutorouter.autoroute_pass #3 on board '480759b39ab5ed9f5eca135682d30f3e' making 4 changes' was performed in 0.05 seconds.
2020-11-19 13:55:17.094 [Thread-0] TRACE eu.mihosoft.freerouting.FreeRouting - Method 'BatchAutorouter.autoroute_pass #4 on board '81c1c29c6688b8983b10347aaa21f427' making 4 changes' was performed in 0.08 seconds.
2020-11-19 13:55:17.159 [Thread-0] TRACE eu.mihosoft.freerouting.FreeRouting - Method 'BatchAutorouter.autoroute_pass #5 on board '580a8c0d97291675d348afbe14e034a8' making 2 changes' was performed in 0.05 seconds.
2020-11-19 13:55:17.174 [Thread-0] TRACE eu.mihosoft.freerouting.FreeRouting - Method 'BatchAutorouter.autoroute_pass #6 on board 'c31d10a334c02e8fa2f4bbfe15459051' making 0 changes' was performed in 0.00 seconds.
2020-11-19 13:55:17.181 [Thread-0] INFO  eu.mihosoft.freerouting.FreeRouting - Generating snapshot
2020-11-19 13:55:17.201 [Thread-0] INFO  eu.mihosoft.freerouting.FreeRouting - Generating snapshot
2020-11-19 13:55:17.239 [Thread-0] INFO  eu.mihosoft.freerouting.FreeRouting - Generating snapshot
2020-11-19 13:55:17.250 [Thread-0] INFO  eu.mihosoft.freerouting.FreeRouting - Generating snapshot
2020-11-19 13:55:17.266 [Thread-0] INFO  eu.mihosoft.freerouting.FreeRouting - Generating snapshot
2020-11-19 13:55:17.295 [Thread-0] INFO  eu.mihosoft.freerouting.FreeRouting - Generating snapshot
2020-11-19 13:55:17.331 [Thread-0] INFO  eu.mihosoft.freerouting.FreeRouting - Generating snapshot
2020-11-19 13:55:17.429 [Thread-0] INFO  eu.mihosoft.freerouting.FreeRouting - Generating snapshot
2020-11-19 13:55:17.494 [Thread-0] INFO  eu.mihosoft.freerouting.FreeRouting - Generating snapshot
2020-11-19 13:55:17.525 [Thread-0] INFO  eu.mihosoft.freerouting.FreeRouting - Generating snapshot
2020-11-19 13:55:17.541 [Thread-0] INFO  eu.mihosoft.freerouting.FreeRouting - Generating snapshot
2020-11-19 13:55:17.590 [Thread-0] INFO  eu.mihosoft.freerouting.FreeRouting - Generating snapshot
2020-11-19 13:55:17.626 [Thread-0] INFO  eu.mihosoft.freerouting.FreeRouting - Generating snapshot
2020-11-19 13:55:17.669 [Thread-0] INFO  eu.mihosoft.freerouting.FreeRouting - Generating snapshot
2020-11-19 13:55:17.693 [Thread-0] INFO  eu.mihosoft.freerouting.FreeRouting - Generating snapshot
2020-11-19 13:55:17.733 [Thread-0] INFO  eu.mihosoft.freerouting.FreeRouting - Generating snapshot
2020-11-19 13:55:17.770 [Thread-0] INFO  eu.mihosoft.freerouting.FreeRouting - Generating snapshot
2020-11-19 13:55:17.784 [Thread-0] INFO  eu.mihosoft.freerouting.FreeRouting - Generating snapshot
2020-11-19 13:55:17.795 [Thread-0] INFO  eu.mihosoft.freerouting.FreeRouting - Generating snapshot
2020-11-19 13:55:17.817 [Thread-0] INFO  eu.mihosoft.freerouting.FreeRouting - Generating snapshot
2020-11-19 13:55:17.827 [Thread-0] INFO  eu.mihosoft.freerouting.FreeRouting - Generating snapshot
2020-11-19 13:55:17.845 [Thread-0] INFO  eu.mihosoft.freerouting.FreeRouting - Generating snapshot
2020-11-19 13:55:17.874 [Thread-0] INFO  eu.mihosoft.freerouting.FreeRouting - Generating snapshot
2020-11-19 13:55:17.890 [Thread-0] INFO  eu.mihosoft.freerouting.FreeRouting - Generating snapshot
2020-11-19 13:55:17.958 [Thread-0] INFO  eu.mihosoft.freerouting.FreeRouting - Generating snapshot
2020-11-19 13:55:18.007 [Thread-0] INFO  eu.mihosoft.freerouting.FreeRouting - Generating snapshot
2020-11-19 13:55:18.026 [Thread-0] INFO  eu.mihosoft.freerouting.FreeRouting - Generating snapshot
2020-11-19 13:55:18.042 [Thread-0] INFO  eu.mihosoft.freerouting.FreeRouting - Generating snapshot
2020-11-19 13:55:18.076 [Thread-0] INFO  eu.mihosoft.freerouting.FreeRouting - Generating snapshot
2020-11-19 13:55:18.103 [Thread-0] INFO  eu.mihosoft.freerouting.FreeRouting - Generating snapshot
2020-11-19 13:55:18.145 [Thread-0] INFO  eu.mihosoft.freerouting.FreeRouting - Generating snapshot
2020-11-19 13:55:18.188 [Thread-0] INFO  eu.mihosoft.freerouting.FreeRouting - Generating snapshot
2020-11-19 13:55:18.224 [Thread-0] INFO  eu.mihosoft.freerouting.FreeRouting - Generating snapshot
2020-11-19 13:55:18.273 [Thread-0] INFO  eu.mihosoft.freerouting.FreeRouting - Generating snapshot
2020-11-19 13:55:18.292 [Thread-0] INFO  eu.mihosoft.freerouting.FreeRouting - Generating snapshot
2020-11-19 13:55:18.304 [Thread-0] INFO  eu.mihosoft.freerouting.FreeRouting - Generating snapshot
2020-11-19 13:55:18.330 [Thread-0] INFO  eu.mihosoft.freerouting.FreeRouting - Generating snapshot
2020-11-19 13:55:18.337 [Thread-0] INFO  eu.mihosoft.freerouting.FreeRouting - Generating snapshot
2020-11-19 13:55:18.354 [Thread-0] INFO  eu.mihosoft.freerouting.FreeRouting - Generating snapshot
2020-11-19 13:55:18.376 [Thread-0] INFO  eu.mihosoft.freerouting.FreeRouting - Generating snapshot
2020-11-19 13:55:18.398 [Thread-0] INFO  eu.mihosoft.freerouting.FreeRouting - Generating snapshot
2020-11-19 13:55:18.496 [Thread-0] INFO  eu.mihosoft.freerouting.FreeRouting - Generating snapshot
2020-11-19 13:55:18.546 [Thread-0] INFO  eu.mihosoft.freerouting.FreeRouting - Generating snapshot
2020-11-19 13:55:18.570 [Thread-0] INFO  eu.mihosoft.freerouting.FreeRouting - Generating snapshot
2020-11-19 13:55:18.585 [Thread-0] INFO  eu.mihosoft.freerouting.FreeRouting - Generating snapshot
2020-11-19 13:55:18.635 [Thread-0] INFO  eu.mihosoft.freerouting.FreeRouting - Generating snapshot
2020-11-19 13:55:18.661 [Thread-0] INFO  eu.mihosoft.freerouting.FreeRouting - Generating snapshot
2020-11-19 13:55:18.703 [Thread-0] INFO  eu.mihosoft.freerouting.FreeRouting - Generating snapshot
2020-11-19 13:55:18.724 [Thread-0] INFO  eu.mihosoft.freerouting.FreeRouting - Generating snapshot
2020-11-19 13:55:18.762 [Thread-0] INFO  eu.mihosoft.freerouting.FreeRouting - Generating snapshot
2020-11-19 13:55:18.794 [Thread-0] INFO  eu.mihosoft.freerouting.FreeRouting - Generating snapshot
2020-11-19 13:55:18.806 [Thread-0] INFO  eu.mihosoft.freerouting.FreeRouting - Generating snapshot
2020-11-19 13:55:18.816 [Thread-0] INFO  eu.mihosoft.freerouting.FreeRouting - Generating snapshot
2020-11-19 13:55:18.837 [Thread-0] INFO  eu.mihosoft.freerouting.FreeRouting - Generating snapshot
2020-11-19 13:55:18.846 [Thread-0] INFO  eu.mihosoft.freerouting.FreeRouting - Generating snapshot
2020-11-19 13:55:18.862 [Thread-0] INFO  eu.mihosoft.freerouting.FreeRouting - Generating snapshot
2020-11-19 13:55:18.887 [Thread-0] INFO  eu.mihosoft.freerouting.FreeRouting - Generating snapshot
2020-11-19 13:55:18.900 [Thread-0] INFO  eu.mihosoft.freerouting.FreeRouting - Generating snapshot
2020-11-19 13:55:18.960 [Thread-0] INFO  eu.mihosoft.freerouting.FreeRouting - Generating snapshot
2020-11-19 13:55:19.016 [Thread-0] INFO  eu.mihosoft.freerouting.FreeRouting - Generating snapshot
2020-11-19 13:55:19.041 [Thread-0] INFO  eu.mihosoft.freerouting.FreeRouting - Generating snapshot
2020-11-19 13:55:19.058 [Thread-0] INFO  eu.mihosoft.freerouting.FreeRouting - Generating snapshot
2020-11-19 13:55:19.094 [Thread-0] INFO  eu.mihosoft.freerouting.FreeRouting - Generating snapshot
2020-11-19 13:55:19.122 [Thread-0] INFO  eu.mihosoft.freerouting.FreeRouting - Generating snapshot
2020-11-19 13:55:19.165 [Thread-0] INFO  eu.mihosoft.freerouting.FreeRouting - Generating snapshot
2020-11-19 13:55:19.190 [Thread-0] INFO  eu.mihosoft.freerouting.FreeRouting - Generating snapshot
2020-11-19 13:55:19.226 [Thread-0] INFO  eu.mihosoft.freerouting.FreeRouting - Generating snapshot
2020-11-19 13:55:19.280 [Thread-0] INFO  eu.mihosoft.freerouting.FreeRouting - Generating snapshot
2020-11-19 13:55:19.296 [Thread-0] INFO  eu.mihosoft.freerouting.FreeRouting - Generating snapshot
2020-11-19 13:55:19.310 [Thread-0] INFO  eu.mihosoft.freerouting.FreeRouting - Generating snapshot
2020-11-19 13:55:19.344 [Thread-0] INFO  eu.mihosoft.freerouting.FreeRouting - Generating snapshot
2020-11-19 13:55:19.353 [Thread-0] INFO  eu.mihosoft.freerouting.FreeRouting - Generating snapshot
2020-11-19 13:55:19.376 [Thread-0] INFO  eu.mihosoft.freerouting.FreeRouting - Generating snapshot
2020-11-19 13:55:19.398 [Thread-0] INFO  eu.mihosoft.freerouting.FreeRouting - Generating snapshot
2020-11-19 13:55:19.409 [Thread-0] INFO  eu.mihosoft.freerouting.FreeRouting - Generating snapshot
2020-11-19 13:55:19.804 [Thread-0] INFO  eu.mihosoft.freerouting.FreeRouting - Generating snapshot
2020-11-19 13:55:19.970 [Thread-0] INFO  eu.mihosoft.freerouting.FreeRouting - Generating snapshot
2020-11-19 13:55:19.989 [Thread-0] INFO  eu.mihosoft.freerouting.FreeRouting - Generating snapshot
2020-11-19 13:55:20.005 [Thread-0] INFO  eu.mihosoft.freerouting.FreeRouting - Generating snapshot
2020-11-19 13:55:20.259 [Thread-0] INFO  eu.mihosoft.freerouting.FreeRouting - Generating snapshot
2020-11-19 13:55:20.293 [Thread-0] INFO  eu.mihosoft.freerouting.FreeRouting - Generating snapshot
2020-11-19 13:55:20.381 [Thread-0] INFO  eu.mihosoft.freerouting.FreeRouting - Generating snapshot
2020-11-19 13:55:20.405 [Thread-0] INFO  eu.mihosoft.freerouting.FreeRouting - Generating snapshot
2020-11-19 13:55:20.439 [Thread-0] INFO  eu.mihosoft.freerouting.FreeRouting - Generating snapshot
2020-11-19 13:55:20.492 [Thread-0] INFO  eu.mihosoft.freerouting.FreeRouting - Generating snapshot
2020-11-19 13:55:20.506 [Thread-0] INFO  eu.mihosoft.freerouting.FreeRouting - Generating snapshot
2020-11-19 13:55:20.523 [Thread-0] INFO  eu.mihosoft.freerouting.FreeRouting - Generating snapshot
2020-11-19 13:55:20.533 [Thread-0] INFO  eu.mihosoft.freerouting.FreeRouting - Generating snapshot
2020-11-19 13:55:20.543 [Thread-0] INFO  eu.mihosoft.freerouting.FreeRouting - Generating snapshot
2020-11-19 13:55:20.564 [Thread-0] INFO  eu.mihosoft.freerouting.FreeRouting - Generating snapshot
2020-11-19 13:55:20.583 [Thread-0] INFO  eu.mihosoft.freerouting.FreeRouting - Generating snapshot
2020-11-19 13:55:20.597 [Thread-0] INFO  eu.mihosoft.freerouting.FreeRouting - Generating snapshot
2020-11-19 13:55:20.757 [Thread-0] INFO  eu.mihosoft.freerouting.FreeRouting - Generating snapshot
2020-11-19 13:55:21.203 [Thread-0] INFO  eu.mihosoft.freerouting.FreeRouting - Generating snapshot
2020-11-19 13:55:21.230 [Thread-0] INFO  eu.mihosoft.freerouting.FreeRouting - Generating snapshot
2020-11-19 13:55:21.250 [Thread-0] INFO  eu.mihosoft.freerouting.FreeRouting - Generating snapshot
2020-11-19 13:55:21.378 [Thread-0] INFO  eu.mihosoft.freerouting.FreeRouting - Generating snapshot
2020-11-19 13:55:21.408 [Thread-0] INFO  eu.mihosoft.freerouting.FreeRouting - Generating snapshot
2020-11-19 13:55:21.477 [Thread-0] INFO  eu.mihosoft.freerouting.FreeRouting - Generating snapshot
2020-11-19 13:55:21.507 [Thread-0] INFO  eu.mihosoft.freerouting.FreeRouting - Generating snapshot
2020-11-19 13:55:21.550 [Thread-0] INFO  eu.mihosoft.freerouting.FreeRouting - Generating snapshot
2020-11-19 13:55:21.621 [Thread-0] INFO  eu.mihosoft.freerouting.FreeRouting - Generating snapshot
2020-11-19 13:55:21.676 [Thread-0] TRACE eu.mihosoft.freerouting.FreeRouting - Method 'BatchAutorouterThread.thread_action()' was performed in 6.33 seconds.
2020-11-19 13:56:18.207 [AWT-EventQueue-0] INFO  eu.mihosoft.freerouting.FreeRouting - Generating snapshot
2020-11-19 13:56:18.217 [Thread-1] TRACE eu.mihosoft.freerouting.FreeRouting - Method 'BatchAutorouter.autoroute_pass #1 on board '9b29704abc4494641f673c50cd63da11' making 0 changes' was performed in 0.00 seconds.
2020-11-19 13:56:18.220 [Thread-1] INFO  eu.mihosoft.freerouting.FreeRouting - Generating snapshot
2020-11-19 13:56:18.232 [Thread-1] INFO  eu.mihosoft.freerouting.FreeRouting - Generating snapshot
2020-11-19 13:56:18.241 [Thread-1] INFO  eu.mihosoft.freerouting.FreeRouting - Generating snapshot
2020-11-19 13:56:18.247 [Thread-1] INFO  eu.mihosoft.freerouting.FreeRouting - Generating snapshot
2020-11-19 13:56:18.263 [Thread-1] INFO  eu.mihosoft.freerouting.FreeRouting - Generating snapshot
2020-11-19 13:56:18.281 [Thread-1] INFO  eu.mihosoft.freerouting.FreeRouting - Generating snapshot
2020-11-19 13:56:18.289 [Thread-1] INFO  eu.mihosoft.freerouting.FreeRouting - Generating snapshot
2020-11-19 13:56:18.356 [Thread-1] INFO  eu.mihosoft.freerouting.FreeRouting - Generating snapshot
2020-11-19 13:56:18.396 [Thread-1] INFO  eu.mihosoft.freerouting.FreeRouting - Generating snapshot
2020-11-19 13:56:18.411 [Thread-1] INFO  eu.mihosoft.freerouting.FreeRouting - Generating snapshot
2020-11-19 13:56:18.422 [Thread-1] INFO  eu.mihosoft.freerouting.FreeRouting - Generating snapshot
2020-11-19 13:56:18.476 [Thread-1] INFO  eu.mihosoft.freerouting.FreeRouting - Generating snapshot
2020-11-19 13:56:18.494 [Thread-1] INFO  eu.mihosoft.freerouting.FreeRouting - Generating snapshot
2020-11-19 13:56:18.527 [Thread-1] INFO  eu.mihosoft.freerouting.FreeRouting - Generating snapshot
2020-11-19 13:56:18.549 [Thread-1] INFO  eu.mihosoft.freerouting.FreeRouting - Generating snapshot
2020-11-19 13:56:18.583 [Thread-1] INFO  eu.mihosoft.freerouting.FreeRouting - Generating snapshot
2020-11-19 13:56:18.626 [Thread-1] INFO  eu.mihosoft.freerouting.FreeRouting - Generating snapshot
2020-11-19 13:56:18.638 [Thread-1] INFO  eu.mihosoft.freerouting.FreeRouting - Generating snapshot
2020-11-19 13:56:18.653 [Thread-1] INFO  eu.mihosoft.freerouting.FreeRouting - Generating snapshot
2020-11-19 13:56:18.666 [Thread-1] INFO  eu.mihosoft.freerouting.FreeRouting - Generating snapshot
2020-11-19 13:56:18.675 [Thread-1] INFO  eu.mihosoft.freerouting.FreeRouting - Generating snapshot
2020-11-19 13:56:18.697 [Thread-1] INFO  eu.mihosoft.freerouting.FreeRouting - Generating snapshot
2020-11-19 13:56:18.726 [Thread-1] INFO  eu.mihosoft.freerouting.FreeRouting - Generating snapshot
2020-11-19 13:56:18.753 [Thread-1] INFO  eu.mihosoft.freerouting.FreeRouting - Generating snapshot
2020-11-19 13:56:18.961 [Thread-1] INFO  eu.mihosoft.freerouting.FreeRouting - Generating snapshot
2020-11-19 13:56:19.393 [Thread-1] INFO  eu.mihosoft.freerouting.FreeRouting - Generating snapshot
2020-11-19 13:56:19.414 [Thread-1] INFO  eu.mihosoft.freerouting.FreeRouting - Generating snapshot
2020-11-19 13:56:19.431 [Thread-1] INFO  eu.mihosoft.freerouting.FreeRouting - Generating snapshot
2020-11-19 13:56:19.535 [Thread-1] INFO  eu.mihosoft.freerouting.FreeRouting - Generating snapshot
2020-11-19 13:56:19.559 [Thread-1] INFO  eu.mihosoft.freerouting.FreeRouting - Generating snapshot
2020-11-19 13:56:19.618 [Thread-1] INFO  eu.mihosoft.freerouting.FreeRouting - Generating snapshot
2020-11-19 13:56:19.640 [Thread-1] INFO  eu.mihosoft.freerouting.FreeRouting - Generating snapshot
2020-11-19 13:56:19.677 [Thread-1] INFO  eu.mihosoft.freerouting.FreeRouting - Generating snapshot
2020-11-19 13:56:19.737 [Thread-1] INFO  eu.mihosoft.freerouting.FreeRouting - Generating snapshot
2020-11-19 13:56:19.774 [Thread-1] TRACE eu.mihosoft.freerouting.FreeRouting - Method 'BatchAutorouterThread.thread_action()' was performed in 1.56 seconds.
2020-11-19 13:56:52.864 [AWT-EventQueue-0] INFO  eu.mihosoft.freerouting.FreeRouting - Generating snapshot
2020-11-19 13:56:52.907 [Thread-2] TRACE eu.mihosoft.freerouting.FreeRouting - Method 'BatchAutorouter.autoroute_pass #41 on board '873c129e5e50e72a6c6f62476426890a' making 0 changes' was performed in 0.01 seconds.
2020-11-19 13:56:52.914 [Thread-2] INFO  eu.mihosoft.freerouting.FreeRouting - Generating snapshot
2020-11-19 13:56:52.948 [Thread-2] INFO  eu.mihosoft.freerouting.FreeRouting - Generating snapshot
2020-11-19 13:56:52.968 [Thread-2] INFO  eu.mihosoft.freerouting.FreeRouting - Generating snapshot
2020-11-19 13:56:52.973 [Thread-2] INFO  eu.mihosoft.freerouting.FreeRouting - Generating snapshot
2020-11-19 13:56:52.991 [Thread-2] INFO  eu.mihosoft.freerouting.FreeRouting - Generating snapshot
2020-11-19 13:56:53.006 [Thread-2] INFO  eu.mihosoft.freerouting.FreeRouting - Generating snapshot
2020-11-19 13:56:53.012 [Thread-2] INFO  eu.mihosoft.freerouting.FreeRouting - Generating snapshot
2020-11-19 13:56:53.062 [Thread-2] INFO  eu.mihosoft.freerouting.FreeRouting - Generating snapshot
2020-11-19 13:56:53.109 [Thread-2] INFO  eu.mihosoft.freerouting.FreeRouting - Generating snapshot
2020-11-19 13:56:53.122 [Thread-2] INFO  eu.mihosoft.freerouting.FreeRouting - Generating snapshot
2020-11-19 13:56:53.130 [Thread-2] INFO  eu.mihosoft.freerouting.FreeRouting - Generating snapshot
2020-11-19 13:56:53.184 [Thread-2] INFO  eu.mihosoft.freerouting.FreeRouting - Generating snapshot
2020-11-19 13:56:53.196 [Thread-2] INFO  eu.mihosoft.freerouting.FreeRouting - Generating snapshot
2020-11-19 13:56:53.219 [Thread-2] INFO  eu.mihosoft.freerouting.FreeRouting - Generating snapshot
2020-11-19 13:56:53.235 [Thread-2] INFO  eu.mihosoft.freerouting.FreeRouting - Generating snapshot
2020-11-19 13:56:53.250 [Thread-2] INFO  eu.mihosoft.freerouting.FreeRouting - Generating snapshot
2020-11-19 13:56:53.268 [Thread-2] INFO  eu.mihosoft.freerouting.FreeRouting - Generating snapshot
2020-11-19 13:56:53.276 [Thread-2] INFO  eu.mihosoft.freerouting.FreeRouting - Generating snapshot
2020-11-19 13:56:53.284 [Thread-2] INFO  eu.mihosoft.freerouting.FreeRouting - Generating snapshot
2020-11-19 13:56:53.290 [Thread-2] INFO  eu.mihosoft.freerouting.FreeRouting - Generating snapshot
2020-11-19 13:56:53.296 [Thread-2] INFO  eu.mihosoft.freerouting.FreeRouting - Generating snapshot
2020-11-19 13:56:53.308 [Thread-2] INFO  eu.mihosoft.freerouting.FreeRouting - Generating snapshot
2020-11-19 13:56:53.325 [Thread-2] INFO  eu.mihosoft.freerouting.FreeRouting - Generating snapshot
2020-11-19 13:56:53.332 [Thread-2] INFO  eu.mihosoft.freerouting.FreeRouting - Generating snapshot
2020-11-19 13:56:53.375 [Thread-2] INFO  eu.mihosoft.freerouting.FreeRouting - Generating snapshot
2020-11-19 13:56:53.418 [Thread-2] INFO  eu.mihosoft.freerouting.FreeRouting - Generating snapshot
2020-11-19 13:56:53.438 [Thread-2] INFO  eu.mihosoft.freerouting.FreeRouting - Generating snapshot
2020-11-19 13:56:53.453 [Thread-2] INFO  eu.mihosoft.freerouting.FreeRouting - Generating snapshot
2020-11-19 13:56:53.487 [Thread-2] INFO  eu.mihosoft.freerouting.FreeRouting - Generating snapshot
2020-11-19 13:56:53.503 [Thread-2] INFO  eu.mihosoft.freerouting.FreeRouting - Generating snapshot
2020-11-19 13:56:53.528 [Thread-2] INFO  eu.mihosoft.freerouting.FreeRouting - Generating snapshot
2020-11-19 13:56:53.551 [Thread-2] INFO  eu.mihosoft.freerouting.FreeRouting - Generating snapshot
2020-11-19 13:56:53.583 [Thread-2] INFO  eu.mihosoft.freerouting.FreeRouting - Generating snapshot
2020-11-19 13:56:53.627 [Thread-2] INFO  eu.mihosoft.freerouting.FreeRouting - Generating snapshot
2020-11-19 13:56:53.642 [Thread-2] INFO  eu.mihosoft.freerouting.FreeRouting - Generating snapshot
2020-11-19 13:56:53.651 [Thread-2] INFO  eu.mihosoft.freerouting.FreeRouting - Generating snapshot
2020-11-19 13:56:53.659 [Thread-2] INFO  eu.mihosoft.freerouting.FreeRouting - Generating snapshot
2020-11-19 13:56:53.665 [Thread-2] INFO  eu.mihosoft.freerouting.FreeRouting - Generating snapshot
2020-11-19 13:56:53.683 [Thread-2] INFO  eu.mihosoft.freerouting.FreeRouting - Generating snapshot
2020-11-19 13:56:53.703 [Thread-2] INFO  eu.mihosoft.freerouting.FreeRouting - Generating snapshot
2020-11-19 13:56:53.712 [Thread-2] INFO  eu.mihosoft.freerouting.FreeRouting - Generating snapshot
2020-11-19 13:56:53.765 [Thread-2] INFO  eu.mihosoft.freerouting.FreeRouting - Generating snapshot
2020-11-19 13:56:53.865 [Thread-2] INFO  eu.mihosoft.freerouting.FreeRouting - Generating snapshot
2020-11-19 13:56:53.884 [Thread-2] INFO  eu.mihosoft.freerouting.FreeRouting - Generating snapshot
2020-11-19 13:56:53.895 [Thread-2] INFO  eu.mihosoft.freerouting.FreeRouting - Generating snapshot
2020-11-19 13:56:53.958 [Thread-2] INFO  eu.mihosoft.freerouting.FreeRouting - Generating snapshot
2020-11-19 13:56:53.974 [Thread-2] INFO  eu.mihosoft.freerouting.FreeRouting - Generating snapshot
2020-11-19 13:56:54.018 [Thread-2] INFO  eu.mihosoft.freerouting.FreeRouting - Generating snapshot
2020-11-19 13:56:54.043 [Thread-2] INFO  eu.mihosoft.freerouting.FreeRouting - Generating snapshot
2020-11-19 13:56:54.065 [Thread-2] INFO  eu.mihosoft.freerouting.FreeRouting - Generating snapshot
2020-11-19 13:56:54.094 [Thread-2] INFO  eu.mihosoft.freerouting.FreeRouting - Generating snapshot
2020-11-19 13:56:54.104 [Thread-2] INFO  eu.mihosoft.freerouting.FreeRouting - Generating snapshot
2020-11-19 13:56:54.114 [Thread-2] INFO  eu.mihosoft.freerouting.FreeRouting - Generating snapshot
2020-11-19 13:56:54.123 [Thread-2] INFO  eu.mihosoft.freerouting.FreeRouting - Generating snapshot
2020-11-19 13:56:54.130 [Thread-2] INFO  eu.mihosoft.freerouting.FreeRouting - Generating snapshot
2020-11-19 13:56:54.148 [Thread-2] INFO  eu.mihosoft.freerouting.FreeRouting - Generating snapshot
2020-11-19 13:56:54.167 [Thread-2] INFO  eu.mihosoft.freerouting.FreeRouting - Generating snapshot
2020-11-19 13:56:54.177 [Thread-2] INFO  eu.mihosoft.freerouting.FreeRouting - Generating snapshot
2020-11-19 13:56:54.285 [Thread-2] INFO  eu.mihosoft.freerouting.FreeRouting - Generating snapshot
2020-11-19 13:56:54.295 [Thread-2] INFO  eu.mihosoft.freerouting.FreeRouting - Generating snapshot
2020-11-19 13:56:54.459 [Thread-2] INFO  eu.mihosoft.freerouting.FreeRouting - Generating snapshot
2020-11-19 13:56:54.543 [Thread-2] INFO  eu.mihosoft.freerouting.FreeRouting - Generating snapshot
2020-11-19 13:56:54.555 [Thread-2] INFO  eu.mihosoft.freerouting.FreeRouting - Generating snapshot
2020-11-19 13:56:54.656 [Thread-2] INFO  eu.mihosoft.freerouting.FreeRouting - Generating snapshot
2020-11-19 13:56:54.694 [Thread-2] INFO  eu.mihosoft.freerouting.FreeRouting - Generating snapshot
2020-11-19 13:56:54.731 [Thread-2] INFO  eu.mihosoft.freerouting.FreeRouting - Generating snapshot
2020-11-19 13:56:54.757 [Thread-2] INFO  eu.mihosoft.freerouting.FreeRouting - Generating snapshot
2020-11-19 13:56:54.790 [Thread-2] INFO  eu.mihosoft.freerouting.FreeRouting - Generating snapshot
2020-11-19 13:56:54.828 [Thread-2] INFO  eu.mihosoft.freerouting.FreeRouting - Generating snapshot
2020-11-19 13:56:54.839 [Thread-2] INFO  eu.mihosoft.freerouting.FreeRouting - Generating snapshot
2020-11-19 13:56:54.848 [Thread-2] INFO  eu.mihosoft.freerouting.FreeRouting - Generating snapshot
2020-11-19 13:56:54.855 [Thread-2] INFO  eu.mihosoft.freerouting.FreeRouting - Generating snapshot
2020-11-19 13:56:54.860 [Thread-2] INFO  eu.mihosoft.freerouting.FreeRouting - Generating snapshot
2020-11-19 13:56:54.875 [Thread-2] INFO  eu.mihosoft.freerouting.FreeRouting - Generating snapshot
2020-11-19 13:56:54.903 [Thread-2] INFO  eu.mihosoft.freerouting.FreeRouting - Generating snapshot
2020-11-19 13:56:54.945 [Thread-2] INFO  eu.mihosoft.freerouting.FreeRouting - Generating snapshot
2020-11-19 13:56:54.955 [Thread-2] INFO  eu.mihosoft.freerouting.FreeRouting - Generating snapshot
2020-11-19 13:56:54.966 [Thread-2] INFO  eu.mihosoft.freerouting.FreeRouting - Generating snapshot
2020-11-19 13:56:55.052 [Thread-2] INFO  eu.mihosoft.freerouting.FreeRouting - Generating snapshot
2020-11-19 13:56:55.061 [Thread-2] INFO  eu.mihosoft.freerouting.FreeRouting - Generating snapshot
2020-11-19 13:56:55.159 [Thread-2] INFO  eu.mihosoft.freerouting.FreeRouting - Generating snapshot
2020-11-19 13:56:55.187 [Thread-2] INFO  eu.mihosoft.freerouting.FreeRouting - Generating snapshot
2020-11-19 13:56:55.221 [Thread-2] INFO  eu.mihosoft.freerouting.FreeRouting - Generating snapshot
2020-11-19 13:56:55.281 [Thread-2] INFO  eu.mihosoft.freerouting.FreeRouting - Generating snapshot
2020-11-19 13:56:55.301 [Thread-2] INFO  eu.mihosoft.freerouting.FreeRouting - Generating snapshot
2020-11-19 13:56:55.316 [Thread-2] INFO  eu.mihosoft.freerouting.FreeRouting - Generating snapshot
2020-11-19 13:56:55.335 [Thread-2] INFO  eu.mihosoft.freerouting.FreeRouting - Generating snapshot
2020-11-19 13:56:55.342 [Thread-2] INFO  eu.mihosoft.freerouting.FreeRouting - Generating snapshot
2020-11-19 13:56:55.351 [Thread-2] INFO  eu.mihosoft.freerouting.FreeRouting - Generating snapshot
2020-11-19 13:56:55.358 [Thread-2] INFO  eu.mihosoft.freerouting.FreeRouting - Generating snapshot
2020-11-19 13:56:55.363 [Thread-2] INFO  eu.mihosoft.freerouting.FreeRouting - Generating snapshot
2020-11-19 13:56:55.373 [Thread-2] INFO  eu.mihosoft.freerouting.FreeRouting - Generating snapshot
2020-11-19 13:56:55.400 [Thread-2] INFO  eu.mihosoft.freerouting.FreeRouting - Generating snapshot
2020-11-19 13:56:55.439 [Thread-2] INFO  eu.mihosoft.freerouting.FreeRouting - Generating snapshot
2020-11-19 13:56:55.448 [Thread-2] INFO  eu.mihosoft.freerouting.FreeRouting - Generating snapshot
2020-11-19 13:56:55.468 [Thread-2] INFO  eu.mihosoft.freerouting.FreeRouting - Generating snapshot
2020-11-19 13:56:55.529 [Thread-2] INFO  eu.mihosoft.freerouting.FreeRouting - Generating snapshot
2020-11-19 13:56:55.540 [Thread-2] INFO  eu.mihosoft.freerouting.FreeRouting - Generating snapshot
2020-11-19 13:56:55.567 [Thread-2] INFO  eu.mihosoft.freerouting.FreeRouting - Generating snapshot
2020-11-19 13:56:55.597 [Thread-2] INFO  eu.mihosoft.freerouting.FreeRouting - Generating snapshot
2020-11-19 13:56:55.631 [Thread-2] INFO  eu.mihosoft.freerouting.FreeRouting - Generating snapshot
2020-11-19 13:56:55.664 [Thread-2] INFO  eu.mihosoft.freerouting.FreeRouting - Generating snapshot
2020-11-19 13:56:55.689 [Thread-2] INFO  eu.mihosoft.freerouting.FreeRouting - Generating snapshot
2020-11-19 13:56:55.720 [Thread-2] INFO  eu.mihosoft.freerouting.FreeRouting - Generating snapshot
2020-11-19 13:56:55.730 [Thread-2] INFO  eu.mihosoft.freerouting.FreeRouting - Generating snapshot
2020-11-19 13:56:55.736 [Thread-2] INFO  eu.mihosoft.freerouting.FreeRouting - Generating snapshot
2020-11-19 13:56:55.746 [Thread-2] INFO  eu.mihosoft.freerouting.FreeRouting - Generating snapshot
2020-11-19 13:56:55.750 [Thread-2] INFO  eu.mihosoft.freerouting.FreeRouting - Generating snapshot
2020-11-19 13:56:55.763 [Thread-2] INFO  eu.mihosoft.freerouting.FreeRouting - Generating snapshot
2020-11-19 13:56:55.790 [Thread-2] INFO  eu.mihosoft.freerouting.FreeRouting - Generating snapshot
2020-11-19 13:56:55.828 [Thread-2] INFO  eu.mihosoft.freerouting.FreeRouting - Generating snapshot
2020-11-19 13:56:55.837 [Thread-2] INFO  eu.mihosoft.freerouting.FreeRouting - Generating snapshot
2020-11-19 13:56:55.847 [Thread-2] INFO  eu.mihosoft.freerouting.FreeRouting - Generating snapshot
2020-11-19 13:56:55.892 [Thread-2] INFO  eu.mihosoft.freerouting.FreeRouting - Generating snapshot
2020-11-19 13:56:55.903 [Thread-2] INFO  eu.mihosoft.freerouting.FreeRouting - Generating snapshot
2020-11-19 13:56:55.930 [Thread-2] INFO  eu.mihosoft.freerouting.FreeRouting - Generating snapshot
2020-11-19 13:56:55.965 [Thread-2] INFO  eu.mihosoft.freerouting.FreeRouting - Generating snapshot
2020-11-19 13:56:56.019 [Thread-2] INFO  eu.mihosoft.freerouting.FreeRouting - Generating snapshot
2020-11-19 13:56:56.046 [Thread-2] INFO  eu.mihosoft.freerouting.FreeRouting - Generating snapshot
2020-11-19 13:56:56.071 [Thread-2] INFO  eu.mihosoft.freerouting.FreeRouting - Generating snapshot
2020-11-19 13:56:56.092 [Thread-2] INFO  eu.mihosoft.freerouting.FreeRouting - Generating snapshot
2020-11-19 13:56:56.102 [Thread-2] INFO  eu.mihosoft.freerouting.FreeRouting - Generating snapshot
2020-11-19 13:56:56.112 [Thread-2] INFO  eu.mihosoft.freerouting.FreeRouting - Generating snapshot
2020-11-19 13:56:56.122 [Thread-2] INFO  eu.mihosoft.freerouting.FreeRouting - Generating snapshot
2020-11-19 13:56:56.127 [Thread-2] INFO  eu.mihosoft.freerouting.FreeRouting - Generating snapshot
2020-11-19 13:56:56.141 [Thread-2] INFO  eu.mihosoft.freerouting.FreeRouting - Generating snapshot
2020-11-19 13:56:56.166 [Thread-2] INFO  eu.mihosoft.freerouting.FreeRouting - Generating snapshot
2020-11-19 13:56:56.212 [Thread-2] INFO  eu.mihosoft.freerouting.FreeRouting - Generating snapshot
2020-11-19 13:56:56.222 [Thread-2] INFO  eu.mihosoft.freerouting.FreeRouting - Generating snapshot
2020-11-19 13:56:56.235 [Thread-2] INFO  eu.mihosoft.freerouting.FreeRouting - Generating snapshot
2020-11-19 13:56:56.290 [Thread-2] INFO  eu.mihosoft.freerouting.FreeRouting - Generating snapshot
2020-11-19 13:56:56.302 [Thread-2] INFO  eu.mihosoft.freerouting.FreeRouting - Generating snapshot
2020-11-19 13:56:56.330 [Thread-2] INFO  eu.mihosoft.freerouting.FreeRouting - Generating snapshot
2020-11-19 13:56:56.366 [Thread-2] INFO  eu.mihosoft.freerouting.FreeRouting - Generating snapshot
2020-11-19 13:56:56.402 [Thread-2] INFO  eu.mihosoft.freerouting.FreeRouting - Generating snapshot
2020-11-19 13:56:56.425 [Thread-2] INFO  eu.mihosoft.freerouting.FreeRouting - Generating snapshot
2020-11-19 13:56:56.452 [Thread-2] INFO  eu.mihosoft.freerouting.FreeRouting - Generating snapshot
2020-11-19 13:56:56.480 [Thread-2] INFO  eu.mihosoft.freerouting.FreeRouting - Generating snapshot
2020-11-19 13:56:56.493 [Thread-2] INFO  eu.mihosoft.freerouting.FreeRouting - Generating snapshot
2020-11-19 13:56:56.502 [Thread-2] INFO  eu.mihosoft.freerouting.FreeRouting - Generating snapshot
2020-11-19 13:56:56.511 [Thread-2] INFO  eu.mihosoft.freerouting.FreeRouting - Generating snapshot
2020-11-19 13:56:56.515 [Thread-2] INFO  eu.mihosoft.freerouting.FreeRouting - Generating snapshot
2020-11-19 13:56:56.528 [Thread-2] INFO  eu.mihosoft.freerouting.FreeRouting - Generating snapshot
2020-11-19 13:56:56.558 [Thread-2] INFO  eu.mihosoft.freerouting.FreeRouting - Generating snapshot
2020-11-19 13:56:56.595 [Thread-2] INFO  eu.mihosoft.freerouting.FreeRouting - Generating snapshot
2020-11-19 13:56:56.603 [Thread-2] INFO  eu.mihosoft.freerouting.FreeRouting - Generating snapshot
2020-11-19 13:56:56.615 [Thread-2] INFO  eu.mihosoft.freerouting.FreeRouting - Generating snapshot
2020-11-19 13:56:56.656 [Thread-2] INFO  eu.mihosoft.freerouting.FreeRouting - Generating snapshot
2020-11-19 13:56:56.669 [Thread-2] INFO  eu.mihosoft.freerouting.FreeRouting - Generating snapshot
2020-11-19 13:56:56.703 [Thread-2] INFO  eu.mihosoft.freerouting.FreeRouting - Generating snapshot
2020-11-19 13:56:56.735 [Thread-2] INFO  eu.mihosoft.freerouting.FreeRouting - Generating snapshot
2020-11-19 13:56:56.806 [Thread-2] INFO  eu.mihosoft.freerouting.FreeRouting - Generating snapshot
2020-11-19 13:56:56.827 [Thread-2] INFO  eu.mihosoft.freerouting.FreeRouting - Generating snapshot
2020-11-19 13:56:56.843 [Thread-2] INFO  eu.mihosoft.freerouting.FreeRouting - Generating snapshot
2020-11-19 13:56:56.860 [Thread-2] INFO  eu.mihosoft.freerouting.FreeRouting - Generating snapshot
2020-11-19 13:56:56.877 [Thread-2] TRACE eu.mihosoft.freerouting.FreeRouting - Method 'BatchAutorouterThread.thread_action()' was performed in 4.01 seconds.
2020-11-19 13:57:13.040 [AWT-EventQueue-0] INFO  eu.mihosoft.freerouting.FreeRouting - Generating snapshot
2020-11-19 13:57:13.088 [Thread-3] TRACE eu.mihosoft.freerouting.FreeRouting - Method 'BatchAutorouter.autoroute_pass #222 on board 'b686aefd561cae7698f0b440315bd7a5' making 0 changes' was performed in 0.01 seconds.
2020-11-19 13:57:13.096 [Thread-3] INFO  eu.mihosoft.freerouting.FreeRouting - Generating snapshot
2020-11-19 13:57:13.118 [Thread-3] INFO  eu.mihosoft.freerouting.FreeRouting - Generating snapshot
2020-11-19 13:57:13.132 [Thread-3] INFO  eu.mihosoft.freerouting.FreeRouting - Generating snapshot
2020-11-19 13:57:13.137 [Thread-3] INFO  eu.mihosoft.freerouting.FreeRouting - Generating snapshot
2020-11-19 13:57:13.151 [Thread-3] INFO  eu.mihosoft.freerouting.FreeRouting - Generating snapshot
2020-11-19 13:57:13.171 [Thread-3] INFO  eu.mihosoft.freerouting.FreeRouting - Generating snapshot
2020-11-19 13:57:13.197 [Thread-3] INFO  eu.mihosoft.freerouting.FreeRouting - Generating snapshot
2020-11-19 13:57:13.207 [Thread-3] INFO  eu.mihosoft.freerouting.FreeRouting - Generating snapshot
2020-11-19 13:57:13.218 [Thread-3] INFO  eu.mihosoft.freerouting.FreeRouting - Generating snapshot
2020-11-19 13:57:13.257 [Thread-3] INFO  eu.mihosoft.freerouting.FreeRouting - Generating snapshot
2020-11-19 13:57:13.268 [Thread-3] INFO  eu.mihosoft.freerouting.FreeRouting - Generating snapshot
2020-11-19 13:57:13.288 [Thread-3] INFO  eu.mihosoft.freerouting.FreeRouting - Generating snapshot
2020-11-19 13:57:13.366 [Thread-3] INFO  eu.mihosoft.freerouting.FreeRouting - Generating snapshot
2020-11-19 13:57:13.396 [Thread-3] INFO  eu.mihosoft.freerouting.FreeRouting - Generating snapshot
2020-11-19 13:57:13.420 [Thread-3] INFO  eu.mihosoft.freerouting.FreeRouting - Generating snapshot
2020-11-19 13:57:13.441 [Thread-3] INFO  eu.mihosoft.freerouting.FreeRouting - Generating snapshot
2020-11-19 13:57:13.463 [Thread-3] INFO  eu.mihosoft.freerouting.FreeRouting - Generating snapshot
2020-11-19 13:57:13.472 [Thread-3] INFO  eu.mihosoft.freerouting.FreeRouting - Generating snapshot
2020-11-19 13:57:13.482 [Thread-3] INFO  eu.mihosoft.freerouting.FreeRouting - Generating snapshot
2020-11-19 13:57:13.494 [Thread-3] INFO  eu.mihosoft.freerouting.FreeRouting - Generating snapshot
2020-11-19 13:57:13.501 [Thread-3] INFO  eu.mihosoft.freerouting.FreeRouting - Generating snapshot
2020-11-19 13:57:13.518 [Thread-3] INFO  eu.mihosoft.freerouting.FreeRouting - Generating snapshot
2020-11-19 13:57:13.543 [Thread-3] INFO  eu.mihosoft.freerouting.FreeRouting - Generating snapshot
2020-11-19 13:57:13.598 [Thread-3] INFO  eu.mihosoft.freerouting.FreeRouting - Generating snapshot
2020-11-19 13:57:13.609 [Thread-3] INFO  eu.mihosoft.freerouting.FreeRouting - Generating snapshot
2020-11-19 13:57:13.625 [Thread-3] INFO  eu.mihosoft.freerouting.FreeRouting - Generating snapshot
2020-11-19 13:57:13.693 [Thread-3] INFO  eu.mihosoft.freerouting.FreeRouting - Generating snapshot
2020-11-19 13:57:13.708 [Thread-3] INFO  eu.mihosoft.freerouting.FreeRouting - Generating snapshot
2020-11-19 13:57:13.741 [Thread-3] INFO  eu.mihosoft.freerouting.FreeRouting - Generating snapshot
2020-11-19 13:57:13.782 [Thread-3] INFO  eu.mihosoft.freerouting.FreeRouting - Generating snapshot
2020-11-19 13:57:13.818 [Thread-3] INFO  eu.mihosoft.freerouting.FreeRouting - Generating snapshot
2020-11-19 13:57:13.840 [Thread-3] INFO  eu.mihosoft.freerouting.FreeRouting - Generating snapshot
2020-11-19 13:57:13.862 [Thread-3] INFO  eu.mihosoft.freerouting.FreeRouting - Generating snapshot
2020-11-19 13:57:13.899 [Thread-3] INFO  eu.mihosoft.freerouting.FreeRouting - Generating snapshot
2020-11-19 13:57:13.924 [Thread-3] TRACE eu.mihosoft.freerouting.FreeRouting - Method 'BatchAutorouterThread.thread_action()' was performed in 0.88 seconds.
2020-11-19 13:58:22.072 [AWT-EventQueue-0] INFO  eu.mihosoft.freerouting.FreeRouting - Generating snapshot
2020-11-19 13:58:22.125 [Thread-4] TRACE eu.mihosoft.freerouting.FreeRouting - Method 'BatchAutorouter.autoroute_pass #259 on board 'f82fe5edb0350568dacb2c5668c28cd9' making 0 changes' was performed in 0.01 seconds.
2020-11-19 13:58:22.132 [Thread-4] INFO  eu.mihosoft.freerouting.FreeRouting - Generating snapshot
2020-11-19 13:58:22.162 [Thread-4] INFO  eu.mihosoft.freerouting.FreeRouting - Generating snapshot
2020-11-19 13:58:22.180 [Thread-4] INFO  eu.mihosoft.freerouting.FreeRouting - Generating snapshot
2020-11-19 13:58:22.186 [Thread-4] INFO  eu.mihosoft.freerouting.FreeRouting - Generating snapshot
2020-11-19 13:58:22.202 [Thread-4] INFO  eu.mihosoft.freerouting.FreeRouting - Generating snapshot
2020-11-19 13:58:22.220 [Thread-4] INFO  eu.mihosoft.freerouting.FreeRouting - Generating snapshot
2020-11-19 13:58:22.243 [Thread-4] INFO  eu.mihosoft.freerouting.FreeRouting - Generating snapshot
2020-11-19 13:58:22.253 [Thread-4] INFO  eu.mihosoft.freerouting.FreeRouting - Generating snapshot
2020-11-19 13:58:22.263 [Thread-4] INFO  eu.mihosoft.freerouting.FreeRouting - Generating snapshot
2020-11-19 13:58:22.290 [Thread-4] INFO  eu.mihosoft.freerouting.FreeRouting - Generating snapshot
2020-11-19 13:58:22.300 [Thread-4] INFO  eu.mihosoft.freerouting.FreeRouting - Generating snapshot
2020-11-19 13:58:22.316 [Thread-4] INFO  eu.mihosoft.freerouting.FreeRouting - Generating snapshot
2020-11-19 13:58:22.384 [Thread-4] INFO  eu.mihosoft.freerouting.FreeRouting - Generating snapshot
2020-11-19 13:58:22.417 [Thread-4] INFO  eu.mihosoft.freerouting.FreeRouting - Generating snapshot
2020-11-19 13:58:22.439 [Thread-4] INFO  eu.mihosoft.freerouting.FreeRouting - Generating snapshot
2020-11-19 13:58:22.457 [Thread-4] INFO  eu.mihosoft.freerouting.FreeRouting - Generating snapshot
2020-11-19 13:58:22.476 [Thread-4] INFO  eu.mihosoft.freerouting.FreeRouting - Generating snapshot
2020-11-19 13:58:22.485 [Thread-4] INFO  eu.mihosoft.freerouting.FreeRouting - Generating snapshot
2020-11-19 13:58:22.494 [Thread-4] INFO  eu.mihosoft.freerouting.FreeRouting - Generating snapshot
2020-11-19 13:58:22.505 [Thread-4] INFO  eu.mihosoft.freerouting.FreeRouting - Generating snapshot
2020-11-19 13:58:22.510 [Thread-4] INFO  eu.mihosoft.freerouting.FreeRouting - Generating snapshot
2020-11-19 13:58:22.525 [Thread-4] INFO  eu.mihosoft.freerouting.FreeRouting - Generating snapshot
2020-11-19 13:58:22.546 [Thread-4] INFO  eu.mihosoft.freerouting.FreeRouting - Generating snapshot
2020-11-19 13:58:22.588 [Thread-4] INFO  eu.mihosoft.freerouting.FreeRouting - Generating snapshot
2020-11-19 13:58:22.597 [Thread-4] INFO  eu.mihosoft.freerouting.FreeRouting - Generating snapshot
2020-11-19 13:58:22.610 [Thread-4] INFO  eu.mihosoft.freerouting.FreeRouting - Generating snapshot
2020-11-19 13:58:22.665 [Thread-4] INFO  eu.mihosoft.freerouting.FreeRouting - Generating snapshot
2020-11-19 13:58:22.678 [Thread-4] INFO  eu.mihosoft.freerouting.FreeRouting - Generating snapshot
2020-11-19 13:58:22.705 [Thread-4] INFO  eu.mihosoft.freerouting.FreeRouting - Generating snapshot
2020-11-19 13:58:22.733 [Thread-4] INFO  eu.mihosoft.freerouting.FreeRouting - Generating snapshot
2020-11-19 13:58:22.761 [Thread-4] INFO  eu.mihosoft.freerouting.FreeRouting - Generating snapshot
2020-11-19 13:58:22.778 [Thread-4] INFO  eu.mihosoft.freerouting.FreeRouting - Generating snapshot
2020-11-19 13:58:22.795 [Thread-4] INFO  eu.mihosoft.freerouting.FreeRouting - Generating snapshot
2020-11-19 13:58:22.817 [Thread-4] INFO  eu.mihosoft.freerouting.FreeRouting - Generating snapshot
2020-11-19 13:58:22.839 [Thread-4] TRACE eu.mihosoft.freerouting.FreeRouting - Method 'BatchAutorouterThread.thread_action()' was performed in 0.77 seconds.
2020-11-19 13:58:28.171 [AWT-EventQueue-0] INFO  eu.mihosoft.freerouting.FreeRouting - Saving 'Afficheur.ses'...
2020-11-19 13:58:31.195 [AWT-EventQueue-0] INFO  eu.mihosoft.freerouting.FreeRouting - Saving 'Afficheur.rules'...
2020-11-19 13:58:35.057 [AWT-EventQueue-0] INFO  eu.mihosoft.freerouting.FreeRouting - Saving 'Afficheur.bin'...
2020-11-19 13:58:36.521 [AWT-EventQueue-0] INFO  eu.mihosoft.freerouting.FreeRouting - Saving 'Afficheur.ses'...
2020-11-19 13:58:37.876 [AWT-EventQueue-0] INFO  eu.mihosoft.freerouting.FreeRouting - Saving 'Afficheur.rules'...
2021-10-21 13:58:37.756 [main] INFO  eu.mihosoft.freerouting.FreeRouting - Freerouting application is started.
2021-10-21 13:58:38.228 [main] TRACE eu.mihosoft.freerouting.FreeRouting - Method 'MainApplication.main()' was performed in 12.83 seconds.
